#
# A fatal error has been detected by the Java Runtime Environment:
#
#  Internal Error (javaClasses.cpp:124), pid=7024, tid=7112
#  fatal error: Invalid layout of preloaded class
#
# JRE version:  (8.0_05-b13) (build )
# Java VM: Java HotSpot(TM) 64-Bit Server VM (25.5-b02 mixed mode windows-amd64 compressed oops)
# Failed to write core dump. Minidumps are not enabled by default on client versions of Windows
#
# If you would like to submit a bug report, please visit:
#   http://bugreport.sun.com/bugreport/crash.jsp
#

---------------  T H R E A D  ---------------

Current thread (0x000000000255e800):  JavaThread "Unknown thread" [_thread_in_vm, id=7112, stack(0x00000000025f0000,0x00000000026f0000)]

Stack: [0x00000000025f0000,0x00000000026f0000]
Native frames: (J=compiled Java code, j=interpreted, Vv=VM code, C=native code)
V  [jvm.dll+0x308dea]
V  [jvm.dll+0x25def1]
V  [jvm.dll+0x25eb0f]
V  [jvm.dll+0x256466]
V  [jvm.dll+0x5d33c]
V  [jvm.dll+0x5d433]
V  [jvm.dll+0x71d2a]
V  [jvm.dll+0x72088]
V  [jvm.dll+0xe1607]
V  [jvm.dll+0xe1996]
V  [jvm.dll+0x1f13e7]
V  [jvm.dll+0x2227c4]
V  [jvm.dll+0x149f71]
C  [javaw.exe+0x208a]
C  [javaw.exe+0xc9db]
C  [javaw.exe+0xca6f]
C  [kernel32.dll+0x159ed]
C  [ntdll.dll+0x2c541]


---------------  P R O C E S S  ---------------

Java Threads: ( => current thread )

Other Threads:

=>0x000000000255e800 (exited) JavaThread "Unknown thread" [_thread_in_vm, id=7112, stack(0x00000000025f0000,0x00000000026f0000)]

VM state:not at safepoint (not fully initialized)

VM Mutex/Monitor currently owned by a thread: None

GC Heap History (0 events):
No events

Deoptimization events (0 events):
No events

Internal exceptions (0 events):
No events

Events (10 events):
Event: 0.008 loading class java/lang/CharSequence done
Event: 0.008 loading class java/lang/String done
Event: 0.008 loading class java/lang/Class
Event: 0.008 loading class java/lang/reflect/AnnotatedElement
Event: 0.008 loading class java/lang/reflect/AnnotatedElement done
Event: 0.008 loading class java/lang/reflect/GenericDeclaration
Event: 0.008 loading class java/lang/reflect/GenericDeclaration done
Event: 0.008 loading class java/lang/reflect/Type
Event: 0.008 loading class java/lang/reflect/Type done
Event: 0.008 loading class java/lang/Class done


Dynamic libraries:
0x000000013f430000 - 0x000000013f464000 	D:\Program Files\Java\jre8\bin\javaw.exe
0x00000000776d0000 - 0x0000000077879000 	C:\windows\SYSTEM32\ntdll.dll
0x00000000775b0000 - 0x00000000776cf000 	C:\windows\system32\kernel32.dll
0x000007fefd6d0000 - 0x000007fefd73b000 	C:\windows\system32\KERNELBASE.dll
0x000007fefe1a0000 - 0x000007fefe27b000 	C:\windows\system32\ADVAPI32.dll
0x000007fefde30000 - 0x000007fefdecf000 	C:\windows\system32\msvcrt.dll
0x000007fefd8c0000 - 0x000007fefd8df000 	C:\windows\SYSTEM32\sechost.dll
0x000007fefe280000 - 0x000007fefe3ad000 	C:\windows\system32\RPCRT4.dll
0x00000000774b0000 - 0x00000000775aa000 	C:\windows\system32\USER32.dll
0x000007feff1c0000 - 0x000007feff227000 	C:\windows\system32\GDI32.dll
0x000007feff290000 - 0x000007feff29e000 	C:\windows\system32\LPK.dll
0x000007fefdd50000 - 0x000007fefde19000 	C:\windows\system32\USP10.dll
0x000007fefbaa0000 - 0x000007fefbc94000 	C:\windows\WinSxS\amd64_microsoft.windows.common-controls_6595b64144ccf1df_6.0.7601.17514_none_fa396087175ac9ac\COMCTL32.dll
0x000007feff960000 - 0x000007feff9d1000 	C:\windows\system32\SHLWAPI.dll
0x000007fefdb70000 - 0x000007fefdb9e000 	C:\windows\system32\IMM32.DLL
0x000007fefd980000 - 0x000007fefda89000 	C:\windows\system32\MSCTF.dll
0x0000000064450000 - 0x0000000064522000 	D:\Program Files\Java\jre8\bin\msvcr100.dll
0x00000000604a0000 - 0x0000000060cca000 	D:\Program Files\Java\jre8\bin\server\jvm.dll
0x000007fefc180000 - 0x000007fefc189000 	C:\windows\system32\WSOCK32.dll
0x000007fefdd00000 - 0x000007fefdd4d000 	C:\windows\system32\WS2_32.dll
0x000007fefde20000 - 0x000007fefde28000 	C:\windows\system32\NSI.dll
0x000007fef69f0000 - 0x000007fef6a2b000 	C:\windows\system32\WINMM.dll
0x0000000077890000 - 0x0000000077897000 	C:\windows\system32\PSAPI.DLL
0x0000000071650000 - 0x000000007165f000 	D:\Program Files\Java\jre8\bin\verify.dll
0x0000000069120000 - 0x0000000069148000 	D:\Program Files\Java\jre8\bin\java.dll
0x000000006cd90000 - 0x000000006cda6000 	D:\Program Files\Java\jre8\bin\zip.dll
0x000007fef8110000 - 0x000007fef8235000 	C:\windows\system32\dbghelp.dll

VM Arguments:
jvm_args: -Dfile.encoding=GBK -Xbootclasspath:D:\Program Files (x86)\Android\android-sdk\platforms\android-19\android.jar 
java_command: com.example.cloudtools.AWSTest
java_class_path (initial): D:\Program Files (x86)\Android\android-sdk\extras\android\support\v7\gridlayout\libs\android-support-v7-gridlayout.jar;D:\Program Files (x86)\Android\android-sdk\extras\android\support\v7\appcompat\libs\android-support-v4.jar;D:\Program Files (x86)\Android\android-sdk\extras\android\support\v7\appcompat\libs\android-support-v7-appcompat.jar;D:\Program Files (x86)\Android\android-sdk\extras\android\support\v7\appcompat\bin\android-support-v7-appcompat.jar;D:\Program Files (x86)\Android\android-sdk\extras\android\support\v7\gridlayout\bin\android-support-v7-gridlayout.jar;D:\360data\重要数据\我的文档\GitHub\CoolStockTool\bin\classes;C:\Users\Administrator\aws-java-sdk\1.7.7\lib\aws-java-sdk-1.7.7.jar;C:\Users\Administrator\aws-java-sdk\1.7.7\third-party\aspectj-1.6\aspectjrt.jar;C:\Users\Administrator\aws-java-sdk\1.7.7\third-party\aspectj-1.6\aspectjweaver.jar;C:\Users\Administrator\aws-java-sdk\1.7.7\third-party\commons-codec-1.3\commons-codec-1.3.jar;C:\Users\Administrator\aws-java-sdk\1.7.7\third-party\commons-logging-1.1.1\commons-logging-1.1.1.jar;C:\Users\Administrator\aws-java-sdk\1.7.7\third-party\freemarker-2.3.18\freemarker-2.3.18.jar;C:\Users\Administrator\aws-java-sdk\1.7.7\third-party\httpcomponents-client-4.2.3\httpclient-4.2.3.jar;C:\Users\Administrator\aws-java-sdk\1.7.7\third-party\httpcomponents-client-4.2.3\httpcore-4.2.jar;C:\Users\Administrator\aws-java-sdk\1.7.7\third-party\jackson-annotations-2.1\jackson-annotations-2.1.1.jar;C:\Users\Administrator\aws-java-sdk\1.7.7\third-party\jackson-core-2.1\jackson-core-2.1.1.jar;C:\Users\Administrator\aws-java-sdk\1.7.7\third-party\jackson-databind-2.1\jackson-databind-2.1.1.jar;C:\Users\Administrator\aws-java-sdk\1.7.7\third-party\java-mail-1.4.3\mail-1.4.3.jar;C:\Users\Administrator\aws-java-sdk\1.7.7\third-party\joda-time-2.2\joda-time-2.2.jar;C:\Users\Administrator\aws-java-sdk\1.7.7\third-party\spring-3.0\spring-beans-3.0.7.jar;C:\Users\Administrator\aws-java-sdk\1.7.7\th
Launcher Type: SUN_STANDARD

Environment Variables:
JAVA_HOME=D:/Program Files/Java/jdk1.8.0_05
PATH=C:\Windows\system32;C:\Windows;C:\Windows\System32\Wbem;C:\Windows\System32\WindowsPowerShell\v1.0\;C:\Program Files (x86)\Windows7Master;D:\Program Files\ATI Technologies\ATI.ACE\Core-Static
USERNAME=Administrator
OS=Windows_NT
PROCESSOR_IDENTIFIER=Intel64 Family 6 Model 58 Stepping 9, GenuineIntel



---------------  S Y S T E M  ---------------

OS: Windows 7 , 64 bit Build 7601 Service Pack 1

CPU:total 8 (4 cores per cpu, 2 threads per core) family 6 model 58 stepping 9, cmov, cx8, fxsr, mmx, sse, sse2, sse3, ssse3, sse4.1, sse4.2, popcnt, avx, aes, clmul, erms, ht, tsc, tscinvbit

Memory: 4k page, physical 16725616k(11583472k free), swap 33449368k(27279628k free)

vm_info: Java HotSpot(TM) 64-Bit Server VM (25.5-b02) for windows-amd64 JRE (1.8.0_05-b13), built on Mar 18 2014 01:08:39 by "java_re" with MS VC++ 10.0 (VS2010)

time: Wed Apr 30 17:20:01 2014
elapsed time: 0 seconds

